<?xml version="1.0" encoding="UTF-8"?>
<testsuite name="fr.ladybug.team.MainTest" tests="1" skipped="0" failures="0" errors="0" timestamp="2019-12-13T01:14:08" hostname="Liberty" time="13.287">
  <properties/>
  <testcase name="wrongIssueCreationTest()" classname="fr.ladybug.team.MainTest" time="13.287"/>
  <system-out><![CDATA[]]></system-out>
  <system-err><![CDATA[Starting ChromeDriver 79.0.3945.36 (3582db32b33893869b8c1339e8f4d9ed1816f143-refs/branch-heads/3945@{#614}) on port 19636
Only local connections are allowed.
Please protect ports used by ChromeDriver and related test frameworks to prevent access by malicious code.
Dec 13, 2019 4:14:10 AM org.openqa.selenium.remote.ProtocolHandshake createSession
INFO: Detected dialect: W3C
Starting ChromeDriver 79.0.3945.36 (3582db32b33893869b8c1339e8f4d9ed1816f143-refs/branch-heads/3945@{#614}) on port 18702
Only local connections are allowed.
Please protect ports used by ChromeDriver and related test frameworks to prevent access by malicious code.
Dec 13, 2019 4:14:14 AM org.openqa.selenium.remote.ProtocolHandshake createSession
INFO: Detected dialect: W3C
]]></system-err>
</testsuite>
